###############################################################
#  Generated by:      Cadence Innovus 21.15-s110_1
#  OS:                Linux x86_64(Host ID cadence-node1.manit.ac.in)
#  Generated on:      Thu Mar  5 23:45:18 2026
#  Design:            sync_fifo
#  Command:           report_timing     > reports/postCTS/timing.rpt
###############################################################
Path 1: MET Setup Check with Pin mem_reg[3][7]/CK 
Endpoint:   mem_reg[3][7]/SE (v) checked with  leading edge of 'clk'
Beginpoint: wr_ptr_reg[3]/Q  (^) triggered by  leading edge of 'clk'
Path Groups: {clk}
Analysis View: setup_view
Other End Arrival Time         -0.002
- Setup                         0.300
+ Phase Shift                   4.000
- Uncertainty                   0.050
= Required Time                 3.648
- Arrival Time                  2.615
= Slack Time                    1.033
     Clock Rise Edge                 0.000
     + Clock Network Latency (Prop)  -0.001
     = Beginpoint Arrival Time       -0.001
     +---------------------------------------------------------------------+ 
     |   Instance    |     Arc     |   Cell   | Delay | Arrival | Required | 
     |               |             |          |       |  Time   |   Time   | 
     |---------------+-------------+----------+-------+---------+----------| 
     | wr_ptr_reg[3] | CK ^        |          |       |  -0.001 |    1.031 | 
     | wr_ptr_reg[3] | CK ^ -> Q ^ | SDFFRXL  | 0.419 |   0.418 |    1.450 | 
     | g4994__8428   | A ^ -> Y v  | XNOR2X1  | 0.253 |   0.670 |    1.703 | 
     | g4984__5477   | A v -> Y ^  | NOR4XL   | 0.234 |   0.904 |    1.937 | 
     | g5183         | AN ^ -> Y ^ | NOR2BX4  | 0.624 |   1.528 |    2.560 | 
     | g4979__9315   | AN ^ -> Y ^ | NAND2BX1 | 0.389 |   1.917 |    2.950 | 
     | g4978         | A ^ -> Y v  | INVX1    | 0.092 |   2.009 |    3.041 | 
     | g4970__5115   | B v -> Y v  | AND2X1   | 0.109 |   2.118 |    3.151 | 
     | g4956__7410   | C v -> Y v  | AND3XL   | 0.204 |   2.322 |    3.355 | 
     | g4939__4733   | AN v -> Y v | NOR2BX1  | 0.293 |   2.615 |    3.647 | 
     | mem_reg[3][7] | SE v        | SDFFQX1  | 0.001 |   2.615 |    3.648 | 
     +---------------------------------------------------------------------+ 

