============================================================
  Generated by:           Genus(TM) Synthesis Solution 21.14-s082_1
  Generated on:           Mar 04 2026  02:12:14 am
  Module:                 sync_fifo
  Operating conditions:   slow 
  Interconnect mode:      global
  Area mode:              physical library
============================================================

Timing
--------

Clock Period 
-------------
clk   5000.0 


  Cost    Critical         Violating 
 Group   Path Slack  TNS     Paths   
-------------------------------------
clk           900.0   0.0          0 
default    No paths   0.0            
-------------------------------------
Total                 0.0          0 

Instance Count
--------------
Leaf Instance Count             313 
Physical Instance count           0 
Sequential Instance Count       146 
Combinational Instance Count    167 
Hierarchical Instance Count       0 

Area
----
Cell Area                          1487.597
Physical Cell Area                 0.000
Total Cell Area (Cell+Physical)    1487.597
Net Area                           412.162
Total Area (Cell+Physical+Net)     1899.759

Max Fanout                         146 (clk)
Min Fanout                         1 (n_0)
Average Fanout                     3.3
Terms to net ratio                 4.3072
Terms to instance ratio            4.5687
Runtime                            25.083335999999996 seconds
Elapsed Runtime                    51 seconds
Genus peak memory usage            1439.91 
Innovus peak memory usage          no_value 
Hostname                           localhost
