============================================================
  Generated by:           Genus(TM) Synthesis Solution 21.14-s082_1
  Generated on:           Mar 05 2026  11:38:21 pm
  Module:                 sync_fifo
  Operating conditions:   slow 
  Interconnect mode:      global
  Area mode:              physical library
============================================================

Timing
--------

Clock Period 
-------------
clk   4000.0 


  Cost    Critical         Violating 
 Group   Path Slack  TNS     Paths   
-------------------------------------
clk            69.7   0.0          0 
default    No paths   0.0            
-------------------------------------
Total                 0.0          0 

Instance Count
--------------
Leaf Instance Count             312 
Physical Instance count           0 
Sequential Instance Count       146 
Combinational Instance Count    166 
Hierarchical Instance Count       0 

Area
----
Cell Area                          1489.025
Physical Cell Area                 0.000
Total Cell Area (Cell+Physical)    1489.025
Net Area                           411.214
Total Area (Cell+Physical+Net)     1900.239

Max Fanout                         146 (clk)
Min Fanout                         1 (n_2)
Average Fanout                     3.3
Terms to net ratio                 4.2982
Terms to instance ratio            4.5737
Runtime                            25.166822999999994 seconds
Elapsed Runtime                    54 seconds
Genus peak memory usage            1440.49 
Innovus peak memory usage          no_value 
Hostname                           localhost
