============================================================
  Generated by:           Genus(TM) Synthesis Solution 21.14-s082_1
  Generated on:           Mar 05 2026  11:38:21 pm
  Module:                 sync_fifo
  Operating conditions:   slow 
  Interconnect mode:      global
  Area mode:              physical library
============================================================


Path 1: MET (70 ps) Setup Check with Pin mem_reg[14][2]/CK->SE
          Group: clk
     Startpoint: (R) rd_ptr_reg[0]/CK
          Clock: (R) clk
       Endpoint: (F) mem_reg[14][2]/SE
          Clock: (R) clk

                     Capture       Launch     
        Clock Edge:+    4000            0     
       Src Latency:+       0            0     
       Net Latency:+       0 (I)        0 (I) 
           Arrival:=    4000            0     
                                              
             Setup:-     324                  
       Uncertainty:-      50                  
     Required Time:=    3626                  
      Launch Clock:-       0                  
         Data Path:-    3557                  
             Slack:=      70                  

#-------------------------------------------------------------------------------------------
#   Timing Point    Flags   Arc   Edge   Cell     Fanout  Load Trans Delay Arrival Instance 
#                                                         (fF)  (ps)  (ps)   (ps)  Location 
#-------------------------------------------------------------------------------------------
  rd_ptr_reg[0]/CK  -       -     R     (arrival)    146     -   100     0       0    (-,-) 
  rd_ptr_reg[0]/Q   -       CK->Q R     SDFFRXL        5  15.5   427   527     527    (-,-) 
  g4995__5526/Y     -       B0->Y F     OAI22XL        1   4.6   343   347     874    (-,-) 
  g4984__5477/Y     -       C->Y  R     NOR4X1         2   7.8   550   400    1273    (-,-) 
  g5183/Y           -       AN->Y R     NOR2BX4        2 106.3   804   719    1992    (-,-) 
  g4979__9315/Y     -       AN->Y R     NAND2BX1       6  20.2   317   468    2460    (-,-) 
  g4978/Y           -       A->Y  F     INVX1          2   6.9   159   184    2644    (-,-) 
  g4970__5115/Y     -       B->Y  F     AND2X1         5  15.9   274   237    2880    (-,-) 
  g4954__1666/Y     -       C->Y  F     AND3XL         3  10.3   322   297    3178    (-,-) 
  g4935__6131/Y     -       B->Y  F     AND2X1         8  27.3   461   379    3557    (-,-) 
  mem_reg[14][2]/SE <<<     -     F     SDFFQX1        8     -     -     0    3557    (-,-) 
#-------------------------------------------------------------------------------------------

