###############################################################
#  Generated by:      Cadence Innovus 21.15-s110_1
#  OS:                Linux x86_64(Host ID cadence-node1.manit.ac.in)
#  Generated on:      Fri Feb 27 12:49:11 2026
#  Design:            fifo
#  Command:           report_timing > reports/preCTS/timing_$timestamp.rpt
###############################################################
Path 1: MET Setup Check with Pin rdata_reg[2]/CK 
Endpoint:   rdata_reg[2]/D  (v) checked with  leading edge of 'clk'
Beginpoint: rd_ptr_reg[2]/Q (^) triggered by  leading edge of 'clk'
Path Groups: {clk}
Analysis View: setup_view
Other End Arrival Time          0.000
- Setup                         0.070
+ Phase Shift                   5.000
- Uncertainty                   0.050
= Required Time                 4.880
- Arrival Time                  1.793
= Slack Time                    3.087
     Clock Rise Edge                 0.000
     + Clock Network Latency (Ideal) 0.000
     = Beginpoint Arrival Time       0.000
     +---------------------------------------------------------------------+ 
     |   Instance    |     Arc     |   Cell   | Delay | Arrival | Required | 
     |               |             |          |       |  Time   |   Time   | 
     |---------------+-------------+----------+-------+---------+----------| 
     | rd_ptr_reg[2] | CK ^        |          |       |   0.000 |    3.087 | 
     | rd_ptr_reg[2] | CK ^ -> Q ^ | SDFFRXL  | 0.439 |   0.439 |    3.526 | 
     | g5577__8428   | A ^ -> Y v  | NOR2XL   | 0.184 |   0.623 |    3.710 | 
     | g5425__1705   | B v -> Y v  | AND2X1   | 0.263 |   0.886 |    3.974 | 
     | g5346__4733   | A1 v -> Y ^ | AOI22X1  | 0.170 |   1.057 |    4.144 | 
     | g5319__9315   | C ^ -> Y v  | NAND4X1  | 0.287 |   1.344 |    4.431 | 
     | g5307__1617   | C0 v -> Y ^ | AOI211XL | 0.250 |   1.594 |    4.681 | 
     | g5300__5107   | D ^ -> Y v  | NAND4X1  | 0.199 |   1.793 |    4.880 | 
     | rdata_reg[2]  | D v         | DFFQX4   | 0.000 |   1.793 |    4.880 | 
     +---------------------------------------------------------------------+ 

