###############################################################
#  Generated by:      Cadence Innovus 21.15-s110_1
#  OS:                Linux x86_64(Host ID cadence-node1.manit.ac.in)
#  Generated on:      Thu Mar  5 23:44:49 2026
#  Design:            sync_fifo
#  Command:           report_timing > reports/preCTS/timing.rpt
###############################################################
Path 1: MET Setup Check with Pin mem_reg[3][1]/CK 
Endpoint:   mem_reg[3][1]/SE (v) checked with  leading edge of 'clk'
Beginpoint: wr_ptr_reg[3]/Q  (^) triggered by  leading edge of 'clk'
Path Groups: {clk}
Analysis View: setup_view
Other End Arrival Time          0.000
- Setup                         0.293
+ Phase Shift                   4.000
- Uncertainty                   0.050
= Required Time                 3.657
- Arrival Time                  2.618
= Slack Time                    1.039
     Clock Rise Edge                 0.000
     + Clock Network Latency (Ideal) 0.000
     = Beginpoint Arrival Time       0.000
     +---------------------------------------------------------------------+ 
     |   Instance    |     Arc     |   Cell   | Delay | Arrival | Required | 
     |               |             |          |       |  Time   |   Time   | 
     |---------------+-------------+----------+-------+---------+----------| 
     | wr_ptr_reg[3] | CK ^        |          |       |   0.000 |    1.039 | 
     | wr_ptr_reg[3] | CK ^ -> Q ^ | SDFFRXL  | 0.428 |   0.427 |    1.466 | 
     | g4994__8428   | A ^ -> Y v  | XNOR2X1  | 0.252 |   0.679 |    1.718 | 
     | g4984__5477   | A v -> Y ^  | NOR4XL   | 0.238 |   0.917 |    1.956 | 
     | g5183         | AN ^ -> Y ^ | NOR2BX4  | 0.628 |   1.546 |    2.585 | 
     | g4979__9315   | AN ^ -> Y ^ | NAND2BX1 | 0.388 |   1.933 |    2.972 | 
     | g4978         | A ^ -> Y v  | INVX1    | 0.088 |   2.021 |    3.060 | 
     | g4970__5115   | B v -> Y v  | AND2X1   | 0.107 |   2.128 |    3.167 | 
     | g4956__7410   | C v -> Y v  | AND3XL   | 0.196 |   2.324 |    3.363 | 
     | g4939__4733   | AN v -> Y v | NOR2BX1  | 0.291 |   2.616 |    3.655 | 
     | mem_reg[3][1] | SE v        | SDFFQX1  | 0.002 |   2.618 |    3.657 | 
     +---------------------------------------------------------------------+ 

