###############################################################
#  Generated by:      Cadence Innovus 21.15-s110_1
#  OS:                Linux x86_64(Host ID cadence-node1.manit.ac.in)
#  Generated on:      Thu Mar  5 23:45:44 2026
#  Design:            sync_fifo
#  Command:           report_timing      > reports/postRoute/timing.rpt
###############################################################
Path 1: MET Setup Check with Pin mem_reg[3][7]/CK 
Endpoint:   mem_reg[3][7]/SE (v) checked with  leading edge of 'clk'
Beginpoint: wr_ptr_reg[3]/Q  (^) triggered by  leading edge of 'clk'
Path Groups: {clk}
Analysis View: setup_view
Other End Arrival Time          0.093
- Setup                         0.299
+ Phase Shift                   4.000
- Uncertainty                   0.050
= Required Time                 3.743
- Arrival Time                  2.706
= Slack Time                    1.038
     Clock Rise Edge                 0.000
     + Clock Network Latency (Prop)  0.004
     = Beginpoint Arrival Time       0.004
     +---------------------------------------------------------------------+ 
     |   Instance    |     Arc     |   Cell   | Delay | Arrival | Required | 
     |               |             |          |       |  Time   |   Time   | 
     |---------------+-------------+----------+-------+---------+----------| 
     | wr_ptr_reg[3] | CK ^        |          |       |   0.004 |    1.041 | 
     | wr_ptr_reg[3] | CK ^ -> Q ^ | SDFFRXL  | 0.443 |   0.447 |    1.484 | 
     | g4994__8428   | A ^ -> Y v  | XNOR2X1  | 0.267 |   0.713 |    1.751 | 
     | g4984__5477   | A v -> Y ^  | NOR4XL   | 0.242 |   0.955 |    1.992 | 
     | g5183         | AN ^ -> Y ^ | NOR2BX4  | 0.613 |   1.567 |    2.605 | 
     | g4979__9315   | AN ^ -> Y ^ | NAND2BX1 | 0.406 |   1.973 |    3.011 | 
     | g4978         | A ^ -> Y v  | INVX1    | 0.104 |   2.077 |    3.115 | 
     | g4970__5115   | B v -> Y v  | AND2X1   | 0.116 |   2.193 |    3.231 | 
     | g4956__7410   | C v -> Y v  | AND3XL   | 0.213 |   2.406 |    3.443 | 
     | g4939__4733   | AN v -> Y v | NOR2BX1  | 0.300 |   2.705 |    3.743 | 
     | mem_reg[3][7] | SE v        | SDFFQX1  | 0.000 |   2.706 |    3.743 | 
     +---------------------------------------------------------------------+ 

